# JRE version: OpenJDK Runtime Environment (17.0.10) (build 17.0.10+0--11572160)
# Java VM: OpenJDK 64-Bit Server VM (17.0.10+0--11572160, mixed mode, tiered, compressed oops, compressed class ptrs, g1 gc, windows-amd64)
GC Precious Log:
 CPUs: 4 total, 4 available
 Memory: 8072M
 Large Page Support: Disabled
 NUMA Support: Disabled
 Compressed Oops: Enabled (32-bit)
 Heap Region Size: 1M
 Heap Min Capacity: 8M
 Heap Initial Capacity: 128M
 Heap Max Capacity: 2G
 Pre-touch: Disabled
 Parallel Workers: 4
 Concurrent Workers: 1
 Concurrent Refinement Workers: 4
 Periodic GC: Disabled
Heap:
 garbage-first heap   total 290816K, used 249835K [0x0000000080000000, 0x0000000100000000)
  region size 1024K, 4 young (4096K), 2 survivors (2048K)
 Metaspace       used 199824K, committed 200832K, reserved 1245184K
  class space    used 25732K, committed 26176K, reserved 1048576K
GC Heap History (20 events):
Event: 226.077 GC heap before
{Heap before GC invocations=105 (full 0):
 garbage-first heap   total 290816K, used 260469K [0x0000000080000000, 0x0000000100000000)
  region size 1024K, 14 young (14336K), 2 survivors (2048K)
 Metaspace       used 199822K, committed 200832K, reserved 1245184K
  class space    used 25732K, committed 26176K, reserved 1048576K
}
Event: 226.081 GC heap after
{Heap after GC invocations=106 (full 0):
 garbage-first heap   total 290816K, used 249278K [0x0000000080000000, 0x0000000100000000)
  region size 1024K, 2 young (2048K), 2 survivors (2048K)
 Metaspace       used 199822K, committed 200832K, reserved 1245184K
  class space    used 25732K, committed 26176K, reserved 1048576K
}
Event: 227.136 GC heap before
{Heap before GC invocations=106 (full 0):
 garbage-first heap   total 290816K, used 261566K [0x0000000080000000, 0x0000000100000000)
  region size 1024K, 14 young (14336K), 2 survivors (2048K)
 Metaspace       used 199822K, committed 200832K, reserved 1245184K
  class space    used 25732K, committed 26176K, reserved 1048576K
}
Event: 227.140 GC heap after
{Heap after GC invocations=107 (full 0):
 garbage-first heap   total 290816K, used 250422K [0x0000000080000000, 0x0000000100000000)
  region size 1024K, 2 young (2048K), 2 survivors (2048K)
 Metaspace       used 199822K, committed 200832K, reserved 1245184K
  class space    used 25732K, committed 26176K, reserved 1048576K
}
Event: 227.884 GC heap before
{Heap before GC invocations=107 (full 0):
 garbage-first heap   total 290816K, used 262710K [0x0000000080000000, 0x0000000100000000)
  region size 1024K, 14 young (14336K), 2 survivors (2048K)
 Metaspace       used 199822K, committed 200832K, reserved 1245184K
  class space    used 25732K, committed 26176K, reserved 1048576K
}
Event: 227.888 GC heap after
{Heap after GC invocations=108 (full 0):
 garbage-first heap   total 290816K, used 251512K [0x0000000080000000, 0x0000000100000000)
  region size 1024K, 2 young (2048K), 2 survivors (2048K)
 Metaspace       used 199822K, committed 200832K, reserved 1245184K
  class space    used 25732K, committed 26176K, reserved 1048576K
}
Event: 228.497 GC heap before
{Heap before GC invocations=108 (full 0):
 garbage-first heap   total 290816K, used 263800K [0x0000000080000000, 0x0000000100000000)
  region size 1024K, 14 young (14336K), 2 survivors (2048K)
 Metaspace       used 199822K, committed 200832K, reserved 1245184K
  class space    used 25732K, committed 26176K, reserved 1048576K
}
Event: 228.500 GC heap after
{Heap after GC invocations=109 (full 0):
 garbage-first heap   total 290816K, used 252747K [0x0000000080000000, 0x0000000100000000)
  region size 1024K, 2 young (2048K), 2 survivors (2048K)
 Metaspace       used 199822K, committed 200832K, reserved 1245184K
  class space    used 25732K, committed 26176K, reserved 1048576K
}
Event: 228.976 GC heap before
{Heap before GC invocations=109 (full 0):
 garbage-first heap   total 290816K, used 265035K [0x0000000080000000, 0x0000000100000000)
  region size 1024K, 14 young (14336K), 2 survivors (2048K)
 Metaspace       used 199822K, committed 200832K, reserved 1245184K
  class space    used 25732K, committed 26176K, reserved 1048576K
}
Event: 228.980 GC heap after
{Heap after GC invocations=110 (full 0):
 garbage-first heap   total 290816K, used 253837K [0x0000000080000000, 0x0000000100000000)
  region size 1024K, 2 young (2048K), 2 survivors (2048K)
 Metaspace       used 199822K, committed 200832K, reserved 1245184K
  class space    used 25732K, committed 26176K, reserved 1048576K
}
Event: 230.197 GC heap before
{Heap before GC invocations=110 (full 0):
 garbage-first heap   total 290816K, used 266125K [0x0000000080000000, 0x0000000100000000)
  region size 1024K, 14 young (14336K), 2 survivors (2048K)
 Metaspace       used 199823K, committed 200832K, reserved 1245184K
  class space    used 25732K, committed 26176K, reserved 1048576K
}
Event: 230.201 GC heap after
{Heap after GC invocations=111 (full 0):
 garbage-first heap   total 290816K, used 254916K [0x0000000080000000, 0x0000000100000000)
  region size 1024K, 2 young (2048K), 2 survivors (2048K)
 Metaspace       used 199823K, committed 200832K, reserved 1245184K
  class space    used 25732K, committed 26176K, reserved 1048576K
}
Event: 230.531 GC heap before
{Heap before GC invocations=111 (full 0):
 garbage-first heap   total 290816K, used 267204K [0x0000000080000000, 0x0000000100000000)
  region size 1024K, 14 young (14336K), 2 survivors (2048K)
 Metaspace       used 199824K, committed 200832K, reserved 1245184K
  class space    used 25732K, committed 26176K, reserved 1048576K
}
Event: 230.535 GC heap after
{Heap after GC invocations=112 (full 0):
 garbage-first heap   total 290816K, used 256297K [0x0000000080000000, 0x0000000100000000)
  region size 1024K, 2 young (2048K), 2 survivors (2048K)
 Metaspace       used 199824K, committed 200832K, reserved 1245184K
  class space    used 25732K, committed 26176K, reserved 1048576K
}
Event: 230.758 GC heap before
{Heap before GC invocations=112 (full 0):
 garbage-first heap   total 290816K, used 267561K [0x0000000080000000, 0x0000000100000000)
  region size 1024K, 14 young (14336K), 2 survivors (2048K)
 Metaspace       used 199824K, committed 200832K, reserved 1245184K
  class space    used 25732K, committed 26176K, reserved 1048576K
}
Event: 230.761 GC heap after
{Heap after GC invocations=113 (full 0):
 garbage-first heap   total 290816K, used 257689K [0x0000000080000000, 0x0000000100000000)
  region size 1024K, 2 young (2048K), 2 survivors (2048K)
 Metaspace       used 199824K, committed 200832K, reserved 1245184K
  class space    used 25732K, committed 26176K, reserved 1048576K
}
Event: 231.016 GC heap before
{Heap before GC invocations=113 (full 0):
 garbage-first heap   total 290816K, used 269977K [0x0000000080000000, 0x0000000100000000)
  region size 1024K, 14 young (14336K), 2 survivors (2048K)
 Metaspace       used 199824K, committed 200832K, reserved 1245184K
  class space    used 25732K, committed 26176K, reserved 1048576K
}
Event: 231.020 GC heap after
{Heap after GC invocations=114 (full 0):
 garbage-first heap   total 290816K, used 258844K [0x0000000080000000, 0x0000000100000000)
  region size 1024K, 2 young (2048K), 2 survivors (2048K)
 Metaspace       used 199824K, committed 200832K, reserved 1245184K
  class space    used 25732K, committed 26176K, reserved 1048576K
}
Event: 231.276 GC heap before
{Heap before GC invocations=114 (full 0):
 garbage-first heap   total 290816K, used 271132K [0x0000000080000000, 0x0000000100000000)
  region size 1024K, 14 young (14336K), 2 survivors (2048K)
 Metaspace       used 199824K, committed 200832K, reserved 1245184K
  class space    used 25732K, committed 26176K, reserved 1048576K
}
Event: 231.280 GC heap after
{Heap after GC invocations=115 (full 0):
 garbage-first heap   total 290816K, used 260075K [0x0000000080000000, 0x0000000100000000)
  region size 1024K, 2 young (2048K), 2 survivors (2048K)
 Metaspace       used 199824K, committed 200832K, reserved 1245184K
  class space    used 25732K, committed 26176K, reserved 1048576K
}

