# JRE version: OpenJDK Runtime Environment JBR-17.0.9+8-1166.2-nomod (17.0.9+8) (build 17.0.9+8-b1166.2)
# Java VM: OpenJDK 64-Bit Server VM JBR-17.0.9+8-1166.2-nomod (17.0.9+8-b1166.2, mixed mode, tiered, compressed oops, compressed class ptrs, g1 gc, windows-amd64)
GC Precious Log:
 CPUs: 4 total, 4 available
 Memory: 8072M
 Large Page Support: Disabled
 NUMA Support: Disabled
 Compressed Oops: Enabled (32-bit)
 Heap Region Size: 1M
 Heap Min Capacity: 8M
 Heap Initial Capacity: 128M
 Heap Max Capacity: 2G
 Pre-touch: Disabled
 Parallel Workers: 4
 Concurrent Workers: 1
 Concurrent Refinement Workers: 4
 Periodic GC: Disabled
Heap:
 garbage-first heap   total 478208K, used 333824K [0x0000000080000000, 0x0000000100000000)
  region size 1024K, 9 young (9216K), 8 survivors (8192K)
 Metaspace       used 128851K, committed 129792K, reserved 1179648K
  class space    used 17463K, committed 17920K, reserved 1048576K
GC Heap History (20 events):
Event: 178.024 GC heap before
{Heap before GC invocations=96 (full 0):
 garbage-first heap   total 350208K, used 215221K [0x0000000080000000, 0x0000000100000000)
  region size 1024K, 17 young (17408K), 3 survivors (3072K)
 Metaspace       used 119536K, committed 120448K, reserved 1179648K
  class space    used 15990K, committed 16448K, reserved 1048576K
}
Event: 178.029 GC heap after
{Heap after GC invocations=97 (full 0):
 garbage-first heap   total 350208K, used 209284K [0x0000000080000000, 0x0000000100000000)
  region size 1024K, 3 young (3072K), 3 survivors (3072K)
 Metaspace       used 119536K, committed 120448K, reserved 1179648K
  class space    used 15990K, committed 16448K, reserved 1048576K
}
Event: 180.937 GC heap before
{Heap before GC invocations=97 (full 0):
 garbage-first heap   total 350208K, used 222596K [0x0000000080000000, 0x0000000100000000)
  region size 1024K, 17 young (17408K), 3 survivors (3072K)
 Metaspace       used 119845K, committed 120832K, reserved 1179648K
  class space    used 16028K, committed 16512K, reserved 1048576K
}
Event: 180.945 GC heap after
{Heap after GC invocations=98 (full 0):
 garbage-first heap   total 350208K, used 176258K [0x0000000080000000, 0x0000000100000000)
  region size 1024K, 3 young (3072K), 3 survivors (3072K)
 Metaspace       used 119845K, committed 120832K, reserved 1179648K
  class space    used 16028K, committed 16512K, reserved 1048576K
}
Event: 182.554 GC heap before
{Heap before GC invocations=98 (full 0):
 garbage-first heap   total 350208K, used 189570K [0x0000000080000000, 0x0000000100000000)
  region size 1024K, 17 young (17408K), 3 survivors (3072K)
 Metaspace       used 119895K, committed 120832K, reserved 1179648K
  class space    used 16039K, committed 16512K, reserved 1048576K
}
Event: 182.563 GC heap after
{Heap after GC invocations=99 (full 0):
 garbage-first heap   total 350208K, used 173073K [0x0000000080000000, 0x0000000100000000)
  region size 1024K, 3 young (3072K), 3 survivors (3072K)
 Metaspace       used 119895K, committed 120832K, reserved 1179648K
  class space    used 16039K, committed 16512K, reserved 1048576K
}
Event: 202.194 GC heap before
{Heap before GC invocations=99 (full 0):
 garbage-first heap   total 350208K, used 237585K [0x0000000080000000, 0x0000000100000000)
  region size 1024K, 67 young (68608K), 3 survivors (3072K)
 Metaspace       used 125585K, committed 126464K, reserved 1179648K
  class space    used 16825K, committed 17216K, reserved 1048576K
}
Event: 202.205 GC heap after
{Heap after GC invocations=100 (full 0):
 garbage-first heap   total 350208K, used 177286K [0x0000000080000000, 0x0000000100000000)
  region size 1024K, 7 young (7168K), 7 survivors (7168K)
 Metaspace       used 125585K, committed 126464K, reserved 1179648K
  class space    used 16825K, committed 17216K, reserved 1048576K
}
Event: 202.625 GC heap before
{Heap before GC invocations=100 (full 0):
 garbage-first heap   total 350208K, used 268422K [0x0000000080000000, 0x0000000100000000)
  region size 1024K, 36 young (36864K), 7 survivors (7168K)
 Metaspace       used 125836K, committed 126720K, reserved 1179648K
  class space    used 16867K, committed 17280K, reserved 1048576K
}
Event: 202.633 GC heap after
{Heap after GC invocations=101 (full 0):
 garbage-first heap   total 350208K, used 214131K [0x0000000080000000, 0x0000000100000000)
  region size 1024K, 10 young (10240K), 10 survivors (10240K)
 Metaspace       used 125836K, committed 126720K, reserved 1179648K
  class space    used 16867K, committed 17280K, reserved 1048576K
}
Event: 202.636 GC heap before
{Heap before GC invocations=101 (full 0):
 garbage-first heap   total 350208K, used 222323K [0x0000000080000000, 0x0000000100000000)
  region size 1024K, 11 young (11264K), 10 survivors (10240K)
 Metaspace       used 125836K, committed 126720K, reserved 1179648K
  class space    used 16867K, committed 17280K, reserved 1048576K
}
Event: 202.639 GC heap after
{Heap after GC invocations=102 (full 0):
 garbage-first heap   total 350208K, used 220033K [0x0000000080000000, 0x0000000100000000)
  region size 1024K, 1 young (1024K), 1 survivors (1024K)
 Metaspace       used 125836K, committed 126720K, reserved 1179648K
  class space    used 16867K, committed 17280K, reserved 1048576K
}
Event: 205.402 GC heap before
{Heap before GC invocations=103 (full 0):
 garbage-first heap   total 373760K, used 270209K [0x0000000080000000, 0x0000000100000000)
  region size 1024K, 46 young (47104K), 1 survivors (1024K)
 Metaspace       used 126080K, committed 126976K, reserved 1179648K
  class space    used 16910K, committed 17344K, reserved 1048576K
}
Event: 205.426 GC heap after
{Heap after GC invocations=104 (full 0):
 garbage-first heap   total 373760K, used 236127K [0x0000000080000000, 0x0000000100000000)
  region size 1024K, 6 young (6144K), 6 survivors (6144K)
 Metaspace       used 126080K, committed 126976K, reserved 1179648K
  class space    used 16910K, committed 17344K, reserved 1048576K
}
Event: 205.561 GC heap before
{Heap before GC invocations=104 (full 0):
 garbage-first heap   total 373760K, used 248415K [0x0000000080000000, 0x0000000100000000)
  region size 1024K, 18 young (18432K), 6 survivors (6144K)
 Metaspace       used 126082K, committed 126976K, reserved 1179648K
  class space    used 16910K, committed 17344K, reserved 1048576K
}
Event: 205.582 GC heap after
{Heap after GC invocations=105 (full 0):
 garbage-first heap   total 373760K, used 236969K [0x0000000080000000, 0x0000000100000000)
  region size 1024K, 3 young (3072K), 3 survivors (3072K)
 Metaspace       used 126082K, committed 126976K, reserved 1179648K
  class space    used 16910K, committed 17344K, reserved 1048576K
}
Event: 205.665 GC heap before
{Heap before GC invocations=105 (full 0):
 garbage-first heap   total 373760K, used 245161K [0x0000000080000000, 0x0000000100000000)
  region size 1024K, 12 young (12288K), 3 survivors (3072K)
 Metaspace       used 126082K, committed 126976K, reserved 1179648K
  class space    used 16910K, committed 17344K, reserved 1048576K
}
Event: 205.677 GC heap after
{Heap after GC invocations=106 (full 0):
 garbage-first heap   total 373760K, used 240213K [0x0000000080000000, 0x0000000100000000)
  region size 1024K, 7 young (7168K), 7 survivors (7168K)
 Metaspace       used 126082K, committed 126976K, reserved 1179648K
  class space    used 16910K, committed 17344K, reserved 1048576K
}
Event: 206.075 GC heap before
{Heap before GC invocations=106 (full 0):
 garbage-first heap   total 478208K, used 291413K [0x0000000080000000, 0x0000000100000000)
  region size 1024K, 53 young (54272K), 7 survivors (7168K)
 Metaspace       used 126091K, committed 126976K, reserved 1179648K
  class space    used 16910K, committed 17344K, reserved 1048576K
}
Event: 206.124 GC heap after
{Heap after GC invocations=107 (full 0):
 garbage-first heap   total 478208K, used 263276K [0x0000000080000000, 0x0000000100000000)
  region size 1024K, 7 young (7168K), 7 survivors (7168K)
 Metaspace       used 126091K, committed 126976K, reserved 1179648K
  class space    used 16910K, committed 17344K, reserved 1048576K
}

